0 info it worked if it ends with ok
1 verbose cli [ '/usr/local/bin/node',
1 verbose cli   '/usr/local/bin/npm',
1 verbose cli   'run',
1 verbose cli   'build-prod' ]
2 info using npm@4.1.2
3 info using node@v7.6.0
4 verbose run-script [ 'prebuild-prod', 'build-prod', 'postbuild-prod' ]
5 info lifecycle react-webpack-workflow@1.0.0~prebuild-prod: react-webpack-workflow@1.0.0
6 silly lifecycle react-webpack-workflow@1.0.0~prebuild-prod: no script for prebuild-prod, continuing
7 info lifecycle react-webpack-workflow@1.0.0~build-prod: react-webpack-workflow@1.0.0
8 verbose lifecycle react-webpack-workflow@1.0.0~build-prod: unsafe-perm in lifecycle true
9 verbose lifecycle react-webpack-workflow@1.0.0~build-prod: PATH: /usr/local/lib/node_modules/npm/bin/node-gyp-bin:/home/cloud-user/OnlineResumeBuilder-Client/node_modules/.bin:/usr/local/sbin:/usr/local/bin:/usr/sbin:/usr/bin:/sbin:/bin:/usr/games:/usr/local/games
10 verbose lifecycle react-webpack-workflow@1.0.0~build-prod: CWD: /home/cloud-user/OnlineResumeBuilder-Client
11 silly lifecycle react-webpack-workflow@1.0.0~build-prod: Args: [ '-c', 'webpack --config webpack.config.prod.js --progress' ]
12 silly lifecycle react-webpack-workflow@1.0.0~build-prod: Returned: code: 1  signal: null
13 info lifecycle react-webpack-workflow@1.0.0~build-prod: Failed to exec build-prod script
14 verbose stack Error: react-webpack-workflow@1.0.0 build-prod: `webpack --config webpack.config.prod.js --progress`
14 verbose stack Exit status 1
14 verbose stack     at EventEmitter.<anonymous> (/usr/local/lib/node_modules/npm/lib/utils/lifecycle.js:279:16)
14 verbose stack     at emitTwo (events.js:106:13)
14 verbose stack     at EventEmitter.emit (events.js:192:7)
14 verbose stack     at ChildProcess.<anonymous> (/usr/local/lib/node_modules/npm/lib/utils/spawn.js:40:14)
14 verbose stack     at emitTwo (events.js:106:13)
14 verbose stack     at ChildProcess.emit (events.js:192:7)
14 verbose stack     at maybeClose (internal/child_process.js:890:16)
14 verbose stack     at Process.ChildProcess._handle.onexit (internal/child_process.js:226:5)
15 verbose pkgid react-webpack-workflow@1.0.0
16 verbose cwd /home/cloud-user/OnlineResumeBuilder-Client
17 error Linux 3.13.0-86-generic
18 error argv "/usr/local/bin/node" "/usr/local/bin/npm" "run" "build-prod"
19 error node v7.6.0
20 error npm  v4.1.2
21 error code ELIFECYCLE
22 error react-webpack-workflow@1.0.0 build-prod: `webpack --config webpack.config.prod.js --progress`
22 error Exit status 1
23 error Failed at the react-webpack-workflow@1.0.0 build-prod script 'webpack --config webpack.config.prod.js --progress'.
23 error Make sure you have the latest version of node.js and npm installed.
23 error If you do, this is most likely a problem with the react-webpack-workflow package,
23 error not with npm itself.
23 error Tell the author that this fails on your system:
23 error     webpack --config webpack.config.prod.js --progress
23 error You can get information on how to open an issue for this project with:
23 error     npm bugs react-webpack-workflow
23 error Or if that isn't available, you can get their info via:
23 error     npm owner ls react-webpack-workflow
23 error There is likely additional logging output above.
24 verbose exit [ 1, true ]
